Analysis & Synthesis report for laba2
Thu Sep 20 14:49:00 2018
Quartus II Version 9.1 Build 222 10/21/2009 SJ Web Edition


---------------------
; Table of Contents ;
---------------------
  1. Legal Notice
  2. Analysis & Synthesis Summary
  3. Analysis & Synthesis Settings
  4. Parallel Compilation
  5. Analysis & Synthesis Source Files Read
  6. Analysis & Synthesis Resource Usage Summary
  7. Analysis & Synthesis Resource Utilization by Entity
  8. General Register Statistics
  9. Source assignments for Block2:inst4|lpm_counter2:inst|lpm_counter:lpm_counter_component
 10. Source assignments for Block2:inst4|lpm_counter5:inst2|lpm_counter:lpm_counter_component
 11. Source assignments for Block1:inst|lpm_counter1:inst2|lpm_counter:lpm_counter_component
 12. Parameter Settings for User Entity Instance: Block2:inst4|lpm_compare7:inst4|lpm_compare:lpm_compare_component
 13. Parameter Settings for User Entity Instance: Block2:inst4|lpm_counter2:inst|lpm_counter:lpm_counter_component
 14. Parameter Settings for User Entity Instance: Block2:inst4|lpm_compare8:inst6|lpm_compare:lpm_compare_component
 15. Parameter Settings for User Entity Instance: Block2:inst4|lpm_compare6:inst1|lpm_compare:lpm_compare_component
 16. Parameter Settings for User Entity Instance: Block2:inst4|lpm_counter5:inst2|lpm_counter:lpm_counter_component
 17. Parameter Settings for User Entity Instance: Block1:inst|lpm_compare3:inst7|lpm_compare:lpm_compare_component
 18. Parameter Settings for User Entity Instance: Block1:inst|lpm_add_sub4:inst4|lpm_add_sub:lpm_add_sub_component
 19. Parameter Settings for User Entity Instance: Block1:inst|lpm_add_sub3:inst|lpm_add_sub:lpm_add_sub_component
 20. Parameter Settings for User Entity Instance: Block1:inst|lpm_counter1:inst2|lpm_counter:lpm_counter_component
 21. Parameter Settings for User Entity Instance: Block1:inst|lpm_compare2:inst5|lpm_compare:lpm_compare_component
 22. Parameter Settings for User Entity Instance: Block3:inst3|lpm_dff0:inst23|lpm_ff:lpm_ff_component
 23. Parameter Settings for User Entity Instance: Block3:inst3|74163:inst
 24. Parameter Settings for User Entity Instance: Block3:inst3|lpm_constant0:inst22|lpm_constant:lpm_constant_component
 25. Analysis & Synthesis Messages



----------------
; Legal Notice ;
----------------
Copyright (C) 1991-2009 Altera Corporation
Your use of Altera Corporation's design tools, logic functions 
and other software and tools, and its AMPP partner logic 
functions, and any output files from any of the foregoing 
(including device programming or simulation files), and any 
associated documentation or information are expressly subject 
to the terms and conditions of the Altera Program License 
Subscription Agreement, Altera MegaCore Function License 
Agreement, or other applicable license agreement, including, 
without limitation, that your use is for the sole purpose of 
programming logic devices manufactured by Altera and sold by 
Altera or its authorized distributors.  Please refer to the 
applicable agreement for further details.



+-------------------------------------------------------------------------+
; Analysis & Synthesis Summary                                            ;
+-------------------------------+-----------------------------------------+
; Analysis & Synthesis Status   ; Successful - Thu Sep 20 14:48:59 2018   ;
; Quartus II Version            ; 9.1 Build 222 10/21/2009 SJ Web Edition ;
; Revision Name                 ; laba2                                   ;
; Top-level Entity Name         ; laba2                                   ;
; Family                        ; Stratix II                              ;
; Logic utilization             ; N/A                                     ;
;     Combinational ALUTs       ; 63                                      ;
;     Dedicated logic registers ; 34                                      ;
; Total registers               ; 34                                      ;
; Total pins                    ; 35                                      ;
; Total virtual pins            ; 0                                       ;
; Total block memory bits       ; 0                                       ;
; DSP block 9-bit elements      ; 0                                       ;
; Total PLLs                    ; 0                                       ;
; Total DLLs                    ; 0                                       ;
+-------------------------------+-----------------------------------------+


+----------------------------------------------------------------------------------------------------------------------+
; Analysis & Synthesis Settings                                                                                        ;
+----------------------------------------------------------------------------+--------------------+--------------------+
; Option                                                                     ; Setting            ; Default Value      ;
+----------------------------------------------------------------------------+--------------------+--------------------+
; Top-level entity name                                                      ; laba2              ; laba2              ;
; Family name                                                                ; Stratix II         ; Stratix II         ;
; Use Generated Physical Constraints File                                    ; Off                ;                    ;
; Use smart compilation                                                      ; Off                ; Off                ;
; Enable parallel Assembler and TimeQuest Timing Analyzer during compilation ; On                 ; On                 ;
; Enable compact report table                                                ; Off                ; Off                ;
; Restructure Multiplexers                                                   ; Auto               ; Auto               ;
; Create Debugging Nodes for IP Cores                                        ; Off                ; Off                ;
; Preserve fewer node names                                                  ; On                 ; On                 ;
; Disable OpenCore Plus hardware evaluation                                  ; Off                ; Off                ;
; Verilog Version                                                            ; Verilog_2001       ; Verilog_2001       ;
; VHDL Version                                                               ; VHDL_1993          ; VHDL_1993          ;
; State Machine Processing                                                   ; Auto               ; Auto               ;
; Safe State Machine                                                         ; Off                ; Off                ;
; Extract Verilog State Machines                                             ; On                 ; On                 ;
; Extract VHDL State Machines                                                ; On                 ; On                 ;
; Ignore Verilog initial constructs                                          ; Off                ; Off                ;
; Iteration limit for constant Verilog loops                                 ; 5000               ; 5000               ;
; Iteration limit for non-constant Verilog loops                             ; 250                ; 250                ;
; Add Pass-Through Logic to Inferred RAMs                                    ; On                 ; On                 ;
; Parallel Synthesis                                                         ; On                 ; On                 ;
; DSP Block Balancing                                                        ; Auto               ; Auto               ;
; NOT Gate Push-Back                                                         ; On                 ; On                 ;
; Power-Up Don't Care                                                        ; On                 ; On                 ;
; Remove Redundant Logic Cells                                               ; Off                ; Off                ;
; Remove Duplicate Registers                                                 ; On                 ; On                 ;
; Ignore CARRY Buffers                                                       ; Off                ; Off                ;
; Ignore CASCADE Buffers                                                     ; Off                ; Off                ;
; Ignore GLOBAL Buffers                                                      ; Off                ; Off                ;
; Ignore ROW GLOBAL Buffers                                                  ; Off                ; Off                ;
; Ignore LCELL Buffers                                                       ; Off                ; Off                ;
; Ignore SOFT Buffers                                                        ; On                 ; On                 ;
; Limit AHDL Integers to 32 Bits                                             ; Off                ; Off                ;
; Optimization Technique                                                     ; Balanced           ; Balanced           ;
; Carry Chain Length                                                         ; 70                 ; 70                 ;
; Auto Carry Chains                                                          ; On                 ; On                 ;
; Auto Open-Drain Pins                                                       ; On                 ; On                 ;
; Perform WYSIWYG Primitive Resynthesis                                      ; Off                ; Off                ;
; Auto ROM Replacement                                                       ; On                 ; On                 ;
; Auto RAM Replacement                                                       ; On                 ; On                 ;
; Auto DSP Block Replacement                                                 ; On                 ; On                 ;
; Auto Shift Register Replacement                                            ; Auto               ; Auto               ;
; Auto Clock Enable Replacement                                              ; On                 ; On                 ;
; Strict RAM Replacement                                                     ; Off                ; Off                ;
; Allow Synchronous Control Signals                                          ; On                 ; On                 ;
; Force Use of Synchronous Clear Signals                                     ; Off                ; Off                ;
; Auto RAM Block Balancing                                                   ; On                 ; On                 ;
; Auto RAM to Logic Cell Conversion                                          ; Off                ; Off                ;
; Auto Resource Sharing                                                      ; Off                ; Off                ;
; Allow Any RAM Size For Recognition                                         ; Off                ; Off                ;
; Allow Any ROM Size For Recognition                                         ; Off                ; Off                ;
; Allow Any Shift Register Size For Recognition                              ; Off                ; Off                ;
; Use LogicLock Constraints during Resource Balancing                        ; On                 ; On                 ;
; Ignore translate_off and synthesis_off directives                          ; Off                ; Off                ;
; Timing-Driven Synthesis                                                    ; Off                ; Off                ;
; Show Parameter Settings Tables in Synthesis Report                         ; On                 ; On                 ;
; Ignore Maximum Fan-Out Assignments                                         ; Off                ; Off                ;
; Synchronization Register Chain Length                                      ; 2                  ; 2                  ;
; PowerPlay Power Optimization                                               ; Normal compilation ; Normal compilation ;
; HDL message level                                                          ; Level2             ; Level2             ;
; Suppress Register Optimization Related Messages                            ; Off                ; Off                ;
; Number of Removed Registers Reported in Synthesis Report                   ; 100                ; 100                ;
; Number of Inverted Registers Reported in Synthesis Report                  ; 100                ; 100                ;
; Clock MUX Protection                                                       ; On                 ; On                 ;
; Auto Gated Clock Conversion                                                ; Off                ; Off                ;
; Block Design Naming                                                        ; Auto               ; Auto               ;
; SDC constraint protection                                                  ; Off                ; Off                ;
; Synthesis Effort                                                           ; Auto               ; Auto               ;
; Shift Register Replacement - Allow Asynchronous Clear Signal               ; On                 ; On                 ;
; Analysis & Synthesis Message Level                                         ; Medium             ; Medium             ;
; Disable Register Merging Across Hierarchies                                ; Auto               ; Auto               ;
; Resource Aware Inference For Block RAM                                     ; On                 ; On                 ;
+----------------------------------------------------------------------------+--------------------+--------------------+


Parallel compilation was disabled, but you have multiple processors available. Enable parallel compilation to reduce compilation time.
+-------------------------------------+
; Parallel Compilation                ;
+----------------------------+--------+
; Processors                 ; Number ;
+----------------------------+--------+
; Number detected on machine ; 4      ;
; Maximum allowed            ; 1      ;
+----------------------------+--------+


+-------------------------------------------------------------------------------------------------------------------------------------------------------------+
; Analysis & Synthesis Source Files Read                                                                                                                      ;
+----------------------------------+-----------------+------------------------------------+-------------------------------------------------------------------+
; File Name with User-Entered Path ; Used in Netlist ; File Type                          ; File Name with Absolute Path                                      ;
+----------------------------------+-----------------+------------------------------------+-------------------------------------------------------------------+
; laba2.bdf                        ; yes             ; User Block Diagram/Schematic File  ; D:/QuartusProjects/lr2/laba2.bdf                                  ;
; Block1.bdf                       ; yes             ; User Block Diagram/Schematic File  ; D:/QuartusProjects/lr2/Block1.bdf                                 ;
; lpm_counter1.vhd                 ; yes             ; User Wizard-Generated File         ; D:/QuartusProjects/lr2/lpm_counter1.vhd                           ;
; lpm_add_sub3.vhd                 ; yes             ; User Wizard-Generated File         ; D:/QuartusProjects/lr2/lpm_add_sub3.vhd                           ;
; lpm_add_sub4.vhd                 ; yes             ; User Wizard-Generated File         ; D:/QuartusProjects/lr2/lpm_add_sub4.vhd                           ;
; lpm_compare2.vhd                 ; yes             ; User Wizard-Generated File         ; D:/QuartusProjects/lr2/lpm_compare2.vhd                           ;
; lpm_compare3.vhd                 ; yes             ; User Wizard-Generated File         ; D:/QuartusProjects/lr2/lpm_compare3.vhd                           ;
; Block2.bdf                       ; yes             ; User Block Diagram/Schematic File  ; D:/QuartusProjects/lr2/Block2.bdf                                 ;
; lpm_counter2.vhd                 ; yes             ; User Wizard-Generated File         ; D:/QuartusProjects/lr2/lpm_counter2.vhd                           ;
; lpm_compare6.vhd                 ; yes             ; User Wizard-Generated File         ; D:/QuartusProjects/lr2/lpm_compare6.vhd                           ;
; lpm_compare7.vhd                 ; yes             ; User Wizard-Generated File         ; D:/QuartusProjects/lr2/lpm_compare7.vhd                           ;
; lpm_compare8.vhd                 ; yes             ; User Wizard-Generated File         ; D:/QuartusProjects/lr2/lpm_compare8.vhd                           ;
; Block3.bdf                       ; yes             ; User Block Diagram/Schematic File  ; D:/QuartusProjects/lr2/Block3.bdf                                 ;
; lpm_constant0.vhd                ; yes             ; User Wizard-Generated File         ; D:/QuartusProjects/lr2/lpm_constant0.vhd                          ;
; lpm_dff0.vhd                     ; yes             ; User Wizard-Generated File         ; D:/QuartusProjects/lr2/lpm_dff0.vhd                               ;
; lpm_counter5.vhd                 ; yes             ; User Wizard-Generated File         ; D:/QuartusProjects/lr2/lpm_counter5.vhd                           ;
; lpm_compare.tdf                  ; yes             ; Megafunction                       ; d:/games/quartus/quartus/libraries/megafunctions/lpm_compare.tdf  ;
; db/cmpr_p8j.tdf                  ; yes             ; Auto-Generated Megafunction        ; D:/QuartusProjects/lr2/db/cmpr_p8j.tdf                            ;
; lpm_counter.tdf                  ; yes             ; Megafunction                       ; d:/games/quartus/quartus/libraries/megafunctions/lpm_counter.tdf  ;
; db/cntr_r3i.tdf                  ; yes             ; Auto-Generated Megafunction        ; D:/QuartusProjects/lr2/db/cntr_r3i.tdf                            ;
; db/cmpr_h8j.tdf                  ; yes             ; Auto-Generated Megafunction        ; D:/QuartusProjects/lr2/db/cmpr_h8j.tdf                            ;
; db/cmpr_mig.tdf                  ; yes             ; Auto-Generated Megafunction        ; D:/QuartusProjects/lr2/db/cmpr_mig.tdf                            ;
; lpm_add_sub.tdf                  ; yes             ; Megafunction                       ; d:/games/quartus/quartus/libraries/megafunctions/lpm_add_sub.tdf  ;
; db/add_sub_fmh.tdf               ; yes             ; Auto-Generated Megafunction        ; D:/QuartusProjects/lr2/db/add_sub_fmh.tdf                         ;
; db/add_sub_2ph.tdf               ; yes             ; Auto-Generated Megafunction        ; D:/QuartusProjects/lr2/db/add_sub_2ph.tdf                         ;
; db/cntr_i4i.tdf                  ; yes             ; Auto-Generated Megafunction        ; D:/QuartusProjects/lr2/db/cntr_i4i.tdf                            ;
; db/cmpr_rlg.tdf                  ; yes             ; Auto-Generated Megafunction        ; D:/QuartusProjects/lr2/db/cmpr_rlg.tdf                            ;
; lpm_ff.tdf                       ; yes             ; Megafunction                       ; d:/games/quartus/quartus/libraries/megafunctions/lpm_ff.tdf       ;
; 74154.bdf                        ; yes             ; Megafunction                       ; d:/games/quartus/quartus/libraries/others/maxplus2/74154.bdf      ;
; 74163.tdf                        ; yes             ; Megafunction                       ; d:/games/quartus/quartus/libraries/others/maxplus2/74163.tdf      ;
; f74163.bdf                       ; yes             ; Megafunction                       ; d:/games/quartus/quartus/libraries/others/maxplus2/f74163.bdf     ;
; lpm_constant.tdf                 ; yes             ; Megafunction                       ; d:/games/quartus/quartus/libraries/megafunctions/lpm_constant.tdf ;
+----------------------------------+-----------------+------------------------------------+-------------------------------------------------------------------+


+--------------------------------------------------------------------+
; Analysis & Synthesis Resource Usage Summary                        ;
+-----------------------------------------------+--------------------+
; Resource                                      ; Usage              ;
+-----------------------------------------------+--------------------+
; Estimated ALUTs Used                          ; 63                 ;
; Dedicated logic registers                     ; 34                 ;
;                                               ;                    ;
; Estimated ALUTs Unavailable                   ; 6                  ;
;                                               ;                    ;
; Total combinational functions                 ; 63                 ;
; Combinational ALUT usage by number of inputs  ;                    ;
;     -- 7 input functions                      ; 0                  ;
;     -- 6 input functions                      ; 6                  ;
;     -- 5 input functions                      ; 4                  ;
;     -- 4 input functions                      ; 19                 ;
;     -- <=3 input functions                    ; 34                 ;
;                                               ;                    ;
; Combinational ALUTs by mode                   ;                    ;
;     -- normal mode                            ; 33                 ;
;     -- extended LUT mode                      ; 0                  ;
;     -- arithmetic mode                        ; 22                 ;
;     -- shared arithmetic mode                 ; 8                  ;
;                                               ;                    ;
; Estimated ALUT/register pairs used            ; 69                 ;
;                                               ;                    ;
; Total registers                               ; 34                 ;
;     -- Dedicated logic registers              ; 34                 ;
;     -- I/O registers                          ; 0                  ;
;                                               ;                    ;
; Estimated ALMs:  partially or completely used ; 35                 ;
;                                               ;                    ;
; I/O pins                                      ; 35                 ;
; Maximum fan-out node                          ; Block2:inst4|inst3 ;
; Maximum fan-out                               ; 21                 ;
; Total fan-out                                 ; 304                ;
; Average fan-out                               ; 2.30               ;
+-----------------------------------------------+--------------------+


+------------------------------------------------------------------------------------------------------------------------------------------------------------------------------------------------------------------------------------------------------------------------------------------------+
; Analysis & Synthesis Resource Utilization by Entity                                                                                                                                                                                                                                            ;
+----------------------------------------------+-------------------+--------------+-------------------+--------------+---------+-----------+-----------+------+--------------+----------------------------------------------------------------------------------------------------+--------------+
; Compilation Hierarchy Node                   ; LC Combinationals ; LC Registers ; Block Memory Bits ; DSP Elements ; DSP 9x9 ; DSP 18x18 ; DSP 36x36 ; Pins ; Virtual Pins ; Full Hierarchy Name                                                                                ; Library Name ;
+----------------------------------------------+-------------------+--------------+-------------------+--------------+---------+-----------+-----------+------+--------------+----------------------------------------------------------------------------------------------------+--------------+
; |laba2                                       ; 63 (0)            ; 34 (0)       ; 0                 ; 0            ; 0       ; 0         ; 0         ; 35   ; 0            ; |laba2                                                                                             ; work         ;
;    |Block1:inst|                             ; 35 (0)            ; 8 (0)        ; 0                 ; 0            ; 0       ; 0         ; 0         ; 0    ; 0            ; |laba2|Block1:inst                                                                                 ; work         ;
;       |lpm_add_sub3:inst|                    ; 8 (0)             ; 0 (0)        ; 0                 ; 0            ; 0       ; 0         ; 0         ; 0    ; 0            ; |laba2|Block1:inst|lpm_add_sub3:inst                                                               ; work         ;
;          |lpm_add_sub:lpm_add_sub_component| ; 8 (0)             ; 0 (0)        ; 0                 ; 0            ; 0       ; 0         ; 0         ; 0    ; 0            ; |laba2|Block1:inst|lpm_add_sub3:inst|lpm_add_sub:lpm_add_sub_component                             ; work         ;
;             |add_sub_2ph:auto_generated|     ; 8 (8)             ; 0 (0)        ; 0                 ; 0            ; 0       ; 0         ; 0         ; 0    ; 0            ; |laba2|Block1:inst|lpm_add_sub3:inst|lpm_add_sub:lpm_add_sub_component|add_sub_2ph:auto_generated  ; work         ;
;       |lpm_add_sub4:inst4|                   ; 8 (0)             ; 0 (0)        ; 0                 ; 0            ; 0       ; 0         ; 0         ; 0    ; 0            ; |laba2|Block1:inst|lpm_add_sub4:inst4                                                              ; work         ;
;          |lpm_add_sub:lpm_add_sub_component| ; 8 (0)             ; 0 (0)        ; 0                 ; 0            ; 0       ; 0         ; 0         ; 0    ; 0            ; |laba2|Block1:inst|lpm_add_sub4:inst4|lpm_add_sub:lpm_add_sub_component                            ; work         ;
;             |add_sub_fmh:auto_generated|     ; 8 (8)             ; 0 (0)        ; 0                 ; 0            ; 0       ; 0         ; 0         ; 0    ; 0            ; |laba2|Block1:inst|lpm_add_sub4:inst4|lpm_add_sub:lpm_add_sub_component|add_sub_fmh:auto_generated ; work         ;
;       |lpm_compare2:inst5|                   ; 5 (0)             ; 0 (0)        ; 0                 ; 0            ; 0       ; 0         ; 0         ; 0    ; 0            ; |laba2|Block1:inst|lpm_compare2:inst5                                                              ; work         ;
;          |lpm_compare:lpm_compare_component| ; 5 (0)             ; 0 (0)        ; 0                 ; 0            ; 0       ; 0         ; 0         ; 0    ; 0            ; |laba2|Block1:inst|lpm_compare2:inst5|lpm_compare:lpm_compare_component                            ; work         ;
;             |cmpr_rlg:auto_generated|        ; 5 (5)             ; 0 (0)        ; 0                 ; 0            ; 0       ; 0         ; 0         ; 0    ; 0            ; |laba2|Block1:inst|lpm_compare2:inst5|lpm_compare:lpm_compare_component|cmpr_rlg:auto_generated    ; work         ;
;       |lpm_compare3:inst7|                   ; 6 (0)             ; 0 (0)        ; 0                 ; 0            ; 0       ; 0         ; 0         ; 0    ; 0            ; |laba2|Block1:inst|lpm_compare3:inst7                                                              ; work         ;
;          |lpm_compare:lpm_compare_component| ; 6 (0)             ; 0 (0)        ; 0                 ; 0            ; 0       ; 0         ; 0         ; 0    ; 0            ; |laba2|Block1:inst|lpm_compare3:inst7|lpm_compare:lpm_compare_component                            ; work         ;
;             |cmpr_mig:auto_generated|        ; 6 (6)             ; 0 (0)        ; 0                 ; 0            ; 0       ; 0         ; 0         ; 0    ; 0            ; |laba2|Block1:inst|lpm_compare3:inst7|lpm_compare:lpm_compare_component|cmpr_mig:auto_generated    ;              ;
;       |lpm_counter1:inst2|                   ; 8 (0)             ; 8 (0)        ; 0                 ; 0            ; 0       ; 0         ; 0         ; 0    ; 0            ; |laba2|Block1:inst|lpm_counter1:inst2                                                              ; work         ;
;          |lpm_counter:lpm_counter_component| ; 8 (0)             ; 8 (0)        ; 0                 ; 0            ; 0       ; 0         ; 0         ; 0    ; 0            ; |laba2|Block1:inst|lpm_counter1:inst2|lpm_counter:lpm_counter_component                            ; work         ;
;             |cntr_i4i:auto_generated|        ; 8 (8)             ; 8 (8)        ; 0                 ; 0            ; 0       ; 0         ; 0         ; 0    ; 0            ; |laba2|Block1:inst|lpm_counter1:inst2|lpm_counter:lpm_counter_component|cntr_i4i:auto_generated    ; work         ;
;    |Block2:inst4|                            ; 8 (1)             ; 6 (0)        ; 0                 ; 0            ; 0       ; 0         ; 0         ; 0    ; 0            ; |laba2|Block2:inst4                                                                                ;              ;
;       |lpm_compare8:inst6|                   ; 1 (0)             ; 0 (0)        ; 0                 ; 0            ; 0       ; 0         ; 0         ; 0    ; 0            ; |laba2|Block2:inst4|lpm_compare8:inst6                                                             ; work         ;
;          |lpm_compare:lpm_compare_component| ; 1 (0)             ; 0 (0)        ; 0                 ; 0            ; 0       ; 0         ; 0         ; 0    ; 0            ; |laba2|Block2:inst4|lpm_compare8:inst6|lpm_compare:lpm_compare_component                           ; work         ;
;             |cmpr_h8j:auto_generated|        ; 1 (1)             ; 0 (0)        ; 0                 ; 0            ; 0       ; 0         ; 0         ; 0    ; 0            ; |laba2|Block2:inst4|lpm_compare8:inst6|lpm_compare:lpm_compare_component|cmpr_h8j:auto_generated   ; work         ;
;       |lpm_counter2:inst|                    ; 3 (0)             ; 3 (0)        ; 0                 ; 0            ; 0       ; 0         ; 0         ; 0    ; 0            ; |laba2|Block2:inst4|lpm_counter2:inst                                                              ; work         ;
;          |lpm_counter:lpm_counter_component| ; 3 (0)             ; 3 (0)        ; 0                 ; 0            ; 0       ; 0         ; 0         ; 0    ; 0            ; |laba2|Block2:inst4|lpm_counter2:inst|lpm_counter:lpm_counter_component                            ; work         ;
;             |cntr_r3i:auto_generated|        ; 3 (3)             ; 3 (3)        ; 0                 ; 0            ; 0       ; 0         ; 0         ; 0    ; 0            ; |laba2|Block2:inst4|lpm_counter2:inst|lpm_counter:lpm_counter_component|cntr_r3i:auto_generated    ; work         ;
;       |lpm_counter5:inst2|                   ; 3 (0)             ; 3 (0)        ; 0                 ; 0            ; 0       ; 0         ; 0         ; 0    ; 0            ; |laba2|Block2:inst4|lpm_counter5:inst2                                                             ; work         ;
;          |lpm_counter:lpm_counter_component| ; 3 (0)             ; 3 (0)        ; 0                 ; 0            ; 0       ; 0         ; 0         ; 0    ; 0            ; |laba2|Block2:inst4|lpm_counter5:inst2|lpm_counter:lpm_counter_component                           ; work         ;
;             |cntr_r3i:auto_generated|        ; 3 (3)             ; 3 (3)        ; 0                 ; 0            ; 0       ; 0         ; 0         ; 0    ; 0            ; |laba2|Block2:inst4|lpm_counter5:inst2|lpm_counter:lpm_counter_component|cntr_r3i:auto_generated   ; work         ;
;    |Block3:inst3|                            ; 20 (0)            ; 20 (0)       ; 0                 ; 0            ; 0       ; 0         ; 0         ; 0    ; 0            ; |laba2|Block3:inst3                                                                                ; work         ;
;       |74154:inst20|                         ; 16 (16)           ; 0 (0)        ; 0                 ; 0            ; 0       ; 0         ; 0         ; 0    ; 0            ; |laba2|Block3:inst3|74154:inst20                                                                   ; work         ;
;       |74163:inst|                           ; 4 (0)             ; 4 (0)        ; 0                 ; 0            ; 0       ; 0         ; 0         ; 0    ; 0            ; |laba2|Block3:inst3|74163:inst                                                                     ; work         ;
;          |f74163:sub|                        ; 4 (4)             ; 4 (4)        ; 0                 ; 0            ; 0       ; 0         ; 0         ; 0    ; 0            ; |laba2|Block3:inst3|74163:inst|f74163:sub                                                          ; work         ;
;       |lpm_dff0:inst23|                      ; 0 (0)             ; 16 (0)       ; 0                 ; 0            ; 0       ; 0         ; 0         ; 0    ; 0            ; |laba2|Block3:inst3|lpm_dff0:inst23                                                                ; work         ;
;          |lpm_ff:lpm_ff_component|           ; 0 (0)             ; 16 (16)      ; 0                 ; 0            ; 0       ; 0         ; 0         ; 0    ; 0            ; |laba2|Block3:inst3|lpm_dff0:inst23|lpm_ff:lpm_ff_component                                        ; work         ;
+----------------------------------------------+-------------------+--------------+-------------------+--------------+---------+-----------+-----------+------+--------------+----------------------------------------------------------------------------------------------------+--------------+
Note: For table entries with two numbers listed, the numbers in parentheses indicate the number of resources of the given type used by the specific entity alone. The numbers listed outside of parentheses indicate the total resources of the given type used by the specific entity and all of its sub-entities in the hierarchy.


+------------------------------------------------------+
; General Register Statistics                          ;
+----------------------------------------------+-------+
; Statistic                                    ; Value ;
+----------------------------------------------+-------+
; Total registers                              ; 34    ;
; Number of registers using Synchronous Clear  ; 8     ;
; Number of registers using Synchronous Load   ; 0     ;
; Number of registers using Asynchronous Clear ; 6     ;
; Number of registers using Asynchronous Load  ; 0     ;
; Number of registers using Clock Enable       ; 0     ;
; Number of registers using Preset             ; 0     ;
+----------------------------------------------+-------+


+-----------------------------------------------------------------------------------------+
; Source assignments for Block2:inst4|lpm_counter2:inst|lpm_counter:lpm_counter_component ;
+---------------------------+-------+------+----------------------------------------------+
; Assignment                ; Value ; From ; To                                           ;
+---------------------------+-------+------+----------------------------------------------+
; SUPPRESS_DA_RULE_INTERNAL ; a101  ; -    ; -                                            ;
; SUPPRESS_DA_RULE_INTERNAL ; s102  ; -    ; -                                            ;
; SUPPRESS_DA_RULE_INTERNAL ; s103  ; -    ; -                                            ;
+---------------------------+-------+------+----------------------------------------------+


+------------------------------------------------------------------------------------------+
; Source assignments for Block2:inst4|lpm_counter5:inst2|lpm_counter:lpm_counter_component ;
+---------------------------+-------+------+-----------------------------------------------+
; Assignment                ; Value ; From ; To                                            ;
+---------------------------+-------+------+-----------------------------------------------+
; SUPPRESS_DA_RULE_INTERNAL ; a101  ; -    ; -                                             ;
; SUPPRESS_DA_RULE_INTERNAL ; s102  ; -    ; -                                             ;
; SUPPRESS_DA_RULE_INTERNAL ; s103  ; -    ; -                                             ;
+---------------------------+-------+------+-----------------------------------------------+


+-----------------------------------------------------------------------------------------+
; Source assignments for Block1:inst|lpm_counter1:inst2|lpm_counter:lpm_counter_component ;
+---------------------------+-------+------+----------------------------------------------+
; Assignment                ; Value ; From ; To                                           ;
+---------------------------+-------+------+----------------------------------------------+
; SUPPRESS_DA_RULE_INTERNAL ; a101  ; -    ; -                                            ;
; SUPPRESS_DA_RULE_INTERNAL ; s102  ; -    ; -                                            ;
; SUPPRESS_DA_RULE_INTERNAL ; s103  ; -    ; -                                            ;
+---------------------------+-------+------+----------------------------------------------+


+----------------------------------------------------------------------------------------------------------------+
; Parameter Settings for User Entity Instance: Block2:inst4|lpm_compare7:inst4|lpm_compare:lpm_compare_component ;
+------------------------+------------+--------------------------------------------------------------------------+
; Parameter Name         ; Value      ; Type                                                                     ;
+------------------------+------------+--------------------------------------------------------------------------+
; lpm_width              ; 3          ; Signed Integer                                                           ;
; LPM_REPRESENTATION     ; UNSIGNED   ; Untyped                                                                  ;
; LPM_PIPELINE           ; 0          ; Untyped                                                                  ;
; CHAIN_SIZE             ; 8          ; Untyped                                                                  ;
; ONE_INPUT_IS_CONSTANT  ; YES        ; Untyped                                                                  ;
; CARRY_CHAIN            ; MANUAL     ; Untyped                                                                  ;
; CASCADE_CHAIN          ; MANUAL     ; Untyped                                                                  ;
; CARRY_CHAIN_LENGTH     ; 48         ; CARRY_CHAIN_LENGTH                                                       ;
; CASCADE_CHAIN_LENGTH   ; 2          ; CASCADE_CHAIN_LENGTH                                                     ;
; DEVICE_FAMILY          ; Stratix II ; Untyped                                                                  ;
; CBXI_PARAMETER         ; cmpr_p8j   ; Untyped                                                                  ;
; AUTO_CARRY_CHAINS      ; ON         ; AUTO_CARRY                                                               ;
; IGNORE_CARRY_BUFFERS   ; OFF        ; IGNORE_CARRY                                                             ;
; AUTO_CASCADE_CHAINS    ; ON         ; AUTO_CASCADE                                                             ;
; IGNORE_CASCADE_BUFFERS ; OFF        ; IGNORE_CASCADE                                                           ;
+------------------------+------------+--------------------------------------------------------------------------+
Note: In order to hide this table in the UI and the text report file, please set the "Show Parameter Settings Tables in Synthesis Report" option in "Analysis and Synthesis Settings -> More Settings" to "Off".


+---------------------------------------------------------------------------------------------------------------+
; Parameter Settings for User Entity Instance: Block2:inst4|lpm_counter2:inst|lpm_counter:lpm_counter_component ;
+------------------------+-------------+------------------------------------------------------------------------+
; Parameter Name         ; Value       ; Type                                                                   ;
+------------------------+-------------+------------------------------------------------------------------------+
; AUTO_CARRY_CHAINS      ; ON          ; AUTO_CARRY                                                             ;
; IGNORE_CARRY_BUFFERS   ; OFF         ; IGNORE_CARRY                                                           ;
; AUTO_CASCADE_CHAINS    ; ON          ; AUTO_CASCADE                                                           ;
; IGNORE_CASCADE_BUFFERS ; OFF         ; IGNORE_CASCADE                                                         ;
; LPM_WIDTH              ; 3           ; Signed Integer                                                         ;
; LPM_DIRECTION          ; UP          ; Untyped                                                                ;
; LPM_MODULUS            ; 0           ; Untyped                                                                ;
; LPM_AVALUE             ; UNUSED      ; Untyped                                                                ;
; LPM_SVALUE             ; UNUSED      ; Untyped                                                                ;
; LPM_PORT_UPDOWN        ; PORT_UNUSED ; Untyped                                                                ;
; DEVICE_FAMILY          ; Stratix II  ; Untyped                                                                ;
; CARRY_CHAIN            ; MANUAL      ; Untyped                                                                ;
; CARRY_CHAIN_LENGTH     ; 48          ; CARRY_CHAIN_LENGTH                                                     ;
; NOT_GATE_PUSH_BACK     ; ON          ; NOT_GATE_PUSH_BACK                                                     ;
; CARRY_CNT_EN           ; SMART       ; Untyped                                                                ;
; LABWIDE_SCLR           ; ON          ; Untyped                                                                ;
; USE_NEW_VERSION        ; TRUE        ; Untyped                                                                ;
; CBXI_PARAMETER         ; cntr_r3i    ; Untyped                                                                ;
+------------------------+-------------+------------------------------------------------------------------------+
Note: In order to hide this table in the UI and the text report file, please set the "Show Parameter Settings Tables in Synthesis Report" option in "Analysis and Synthesis Settings -> More Settings" to "Off".


+----------------------------------------------------------------------------------------------------------------+
; Parameter Settings for User Entity Instance: Block2:inst4|lpm_compare8:inst6|lpm_compare:lpm_compare_component ;
+------------------------+------------+--------------------------------------------------------------------------+
; Parameter Name         ; Value      ; Type                                                                     ;
+------------------------+------------+--------------------------------------------------------------------------+
; lpm_width              ; 3          ; Signed Integer                                                           ;
; LPM_REPRESENTATION     ; UNSIGNED   ; Untyped                                                                  ;
; LPM_PIPELINE           ; 0          ; Untyped                                                                  ;
; CHAIN_SIZE             ; 8          ; Untyped                                                                  ;
; ONE_INPUT_IS_CONSTANT  ; YES        ; Untyped                                                                  ;
; CARRY_CHAIN            ; MANUAL     ; Untyped                                                                  ;
; CASCADE_CHAIN          ; MANUAL     ; Untyped                                                                  ;
; CARRY_CHAIN_LENGTH     ; 48         ; CARRY_CHAIN_LENGTH                                                       ;
; CASCADE_CHAIN_LENGTH   ; 2          ; CASCADE_CHAIN_LENGTH                                                     ;
; DEVICE_FAMILY          ; Stratix II ; Untyped                                                                  ;
; CBXI_PARAMETER         ; cmpr_h8j   ; Untyped                                                                  ;
; AUTO_CARRY_CHAINS      ; ON         ; AUTO_CARRY                                                               ;
; IGNORE_CARRY_BUFFERS   ; OFF        ; IGNORE_CARRY                                                             ;
; AUTO_CASCADE_CHAINS    ; ON         ; AUTO_CASCADE                                                             ;
; IGNORE_CASCADE_BUFFERS ; OFF        ; IGNORE_CASCADE                                                           ;
+------------------------+------------+--------------------------------------------------------------------------+
Note: In order to hide this table in the UI and the text report file, please set the "Show Parameter Settings Tables in Synthesis Report" option in "Analysis and Synthesis Settings -> More Settings" to "Off".


+----------------------------------------------------------------------------------------------------------------+
; Parameter Settings for User Entity Instance: Block2:inst4|lpm_compare6:inst1|lpm_compare:lpm_compare_component ;
+------------------------+------------+--------------------------------------------------------------------------+
; Parameter Name         ; Value      ; Type                                                                     ;
+------------------------+------------+--------------------------------------------------------------------------+
; lpm_width              ; 3          ; Signed Integer                                                           ;
; LPM_REPRESENTATION     ; UNSIGNED   ; Untyped                                                                  ;
; LPM_PIPELINE           ; 0          ; Untyped                                                                  ;
; CHAIN_SIZE             ; 8          ; Untyped                                                                  ;
; ONE_INPUT_IS_CONSTANT  ; YES        ; Untyped                                                                  ;
; CARRY_CHAIN            ; MANUAL     ; Untyped                                                                  ;
; CASCADE_CHAIN          ; MANUAL     ; Untyped                                                                  ;
; CARRY_CHAIN_LENGTH     ; 48         ; CARRY_CHAIN_LENGTH                                                       ;
; CASCADE_CHAIN_LENGTH   ; 2          ; CASCADE_CHAIN_LENGTH                                                     ;
; DEVICE_FAMILY          ; Stratix II ; Untyped                                                                  ;
; CBXI_PARAMETER         ; cmpr_h8j   ; Untyped                                                                  ;
; AUTO_CARRY_CHAINS      ; ON         ; AUTO_CARRY                                                               ;
; IGNORE_CARRY_BUFFERS   ; OFF        ; IGNORE_CARRY                                                             ;
; AUTO_CASCADE_CHAINS    ; ON         ; AUTO_CASCADE                                                             ;
; IGNORE_CASCADE_BUFFERS ; OFF        ; IGNORE_CASCADE                                                           ;
+------------------------+------------+--------------------------------------------------------------------------+
Note: In order to hide this table in the UI and the text report file, please set the "Show Parameter Settings Tables in Synthesis Report" option in "Analysis and Synthesis Settings -> More Settings" to "Off".


+----------------------------------------------------------------------------------------------------------------+
; Parameter Settings for User Entity Instance: Block2:inst4|lpm_counter5:inst2|lpm_counter:lpm_counter_component ;
+------------------------+-------------+-------------------------------------------------------------------------+
; Parameter Name         ; Value       ; Type                                                                    ;
+------------------------+-------------+-------------------------------------------------------------------------+
; AUTO_CARRY_CHAINS      ; ON          ; AUTO_CARRY                                                              ;
; IGNORE_CARRY_BUFFERS   ; OFF         ; IGNORE_CARRY                                                            ;
; AUTO_CASCADE_CHAINS    ; ON          ; AUTO_CASCADE                                                            ;
; IGNORE_CASCADE_BUFFERS ; OFF         ; IGNORE_CASCADE                                                          ;
; LPM_WIDTH              ; 3           ; Signed Integer                                                          ;
; LPM_DIRECTION          ; UP          ; Untyped                                                                 ;
; LPM_MODULUS            ; 0           ; Untyped                                                                 ;
; LPM_AVALUE             ; UNUSED      ; Untyped                                                                 ;
; LPM_SVALUE             ; UNUSED      ; Untyped                                                                 ;
; LPM_PORT_UPDOWN        ; PORT_UNUSED ; Untyped                                                                 ;
; DEVICE_FAMILY          ; Stratix II  ; Untyped                                                                 ;
; CARRY_CHAIN            ; MANUAL      ; Untyped                                                                 ;
; CARRY_CHAIN_LENGTH     ; 48          ; CARRY_CHAIN_LENGTH                                                      ;
; NOT_GATE_PUSH_BACK     ; ON          ; NOT_GATE_PUSH_BACK                                                      ;
; CARRY_CNT_EN           ; SMART       ; Untyped                                                                 ;
; LABWIDE_SCLR           ; ON          ; Untyped                                                                 ;
; USE_NEW_VERSION        ; TRUE        ; Untyped                                                                 ;
; CBXI_PARAMETER         ; cntr_r3i    ; Untyped                                                                 ;
+------------------------+-------------+-------------------------------------------------------------------------+
Note: In order to hide this table in the UI and the text report file, please set the "Show Parameter Settings Tables in Synthesis Report" option in "Analysis and Synthesis Settings -> More Settings" to "Off".


+---------------------------------------------------------------------------------------------------------------+
; Parameter Settings for User Entity Instance: Block1:inst|lpm_compare3:inst7|lpm_compare:lpm_compare_component ;
+------------------------+------------+-------------------------------------------------------------------------+
; Parameter Name         ; Value      ; Type                                                                    ;
+------------------------+------------+-------------------------------------------------------------------------+
; lpm_width              ; 8          ; Signed Integer                                                          ;
; LPM_REPRESENTATION     ; UNSIGNED   ; Untyped                                                                 ;
; LPM_PIPELINE           ; 0          ; Untyped                                                                 ;
; CHAIN_SIZE             ; 8          ; Untyped                                                                 ;
; ONE_INPUT_IS_CONSTANT  ; NO         ; Untyped                                                                 ;
; CARRY_CHAIN            ; MANUAL     ; Untyped                                                                 ;
; CASCADE_CHAIN          ; MANUAL     ; Untyped                                                                 ;
; CARRY_CHAIN_LENGTH     ; 48         ; CARRY_CHAIN_LENGTH                                                      ;
; CASCADE_CHAIN_LENGTH   ; 2          ; CASCADE_CHAIN_LENGTH                                                    ;
; DEVICE_FAMILY          ; Stratix II ; Untyped                                                                 ;
; CBXI_PARAMETER         ; cmpr_mig   ; Untyped                                                                 ;
; AUTO_CARRY_CHAINS      ; ON         ; AUTO_CARRY                                                              ;
; IGNORE_CARRY_BUFFERS   ; OFF        ; IGNORE_CARRY                                                            ;
; AUTO_CASCADE_CHAINS    ; ON         ; AUTO_CASCADE                                                            ;
; IGNORE_CASCADE_BUFFERS ; OFF        ; IGNORE_CASCADE                                                          ;
+------------------------+------------+-------------------------------------------------------------------------+
Note: In order to hide this table in the UI and the text report file, please set the "Show Parameter Settings Tables in Synthesis Report" option in "Analysis and Synthesis Settings -> More Settings" to "Off".


+---------------------------------------------------------------------------------------------------------------+
; Parameter Settings for User Entity Instance: Block1:inst|lpm_add_sub4:inst4|lpm_add_sub:lpm_add_sub_component ;
+------------------------+-------------+------------------------------------------------------------------------+
; Parameter Name         ; Value       ; Type                                                                   ;
+------------------------+-------------+------------------------------------------------------------------------+
; LPM_WIDTH              ; 8           ; Signed Integer                                                         ;
; LPM_REPRESENTATION     ; UNSIGNED    ; Untyped                                                                ;
; LPM_DIRECTION          ; SUB         ; Untyped                                                                ;
; ONE_INPUT_IS_CONSTANT  ; NO          ; Untyped                                                                ;
; LPM_PIPELINE           ; 0           ; Untyped                                                                ;
; MAXIMIZE_SPEED         ; 5           ; Untyped                                                                ;
; REGISTERED_AT_END      ; 0           ; Untyped                                                                ;
; OPTIMIZE_FOR_SPEED     ; 5           ; Untyped                                                                ;
; USE_CS_BUFFERS         ; 1           ; Untyped                                                                ;
; CARRY_CHAIN            ; MANUAL      ; Untyped                                                                ;
; CARRY_CHAIN_LENGTH     ; 48          ; CARRY_CHAIN_LENGTH                                                     ;
; DEVICE_FAMILY          ; Stratix II  ; Untyped                                                                ;
; USE_WYS                ; OFF         ; Untyped                                                                ;
; STYLE                  ; FAST        ; Untyped                                                                ;
; CBXI_PARAMETER         ; add_sub_fmh ; Untyped                                                                ;
; AUTO_CARRY_CHAINS      ; ON          ; AUTO_CARRY                                                             ;
; IGNORE_CARRY_BUFFERS   ; OFF         ; IGNORE_CARRY                                                           ;
; AUTO_CASCADE_CHAINS    ; ON          ; AUTO_CASCADE                                                           ;
; IGNORE_CASCADE_BUFFERS ; OFF         ; IGNORE_CASCADE                                                         ;
+------------------------+-------------+------------------------------------------------------------------------+
Note: In order to hide this table in the UI and the text report file, please set the "Show Parameter Settings Tables in Synthesis Report" option in "Analysis and Synthesis Settings -> More Settings" to "Off".


+--------------------------------------------------------------------------------------------------------------+
; Parameter Settings for User Entity Instance: Block1:inst|lpm_add_sub3:inst|lpm_add_sub:lpm_add_sub_component ;
+------------------------+-------------+-----------------------------------------------------------------------+
; Parameter Name         ; Value       ; Type                                                                  ;
+------------------------+-------------+-----------------------------------------------------------------------+
; LPM_WIDTH              ; 8           ; Signed Integer                                                        ;
; LPM_REPRESENTATION     ; UNSIGNED    ; Untyped                                                               ;
; LPM_DIRECTION          ; ADD         ; Untyped                                                               ;
; ONE_INPUT_IS_CONSTANT  ; YES         ; Untyped                                                               ;
; LPM_PIPELINE           ; 0           ; Untyped                                                               ;
; MAXIMIZE_SPEED         ; 5           ; Untyped                                                               ;
; REGISTERED_AT_END      ; 0           ; Untyped                                                               ;
; OPTIMIZE_FOR_SPEED     ; 5           ; Untyped                                                               ;
; USE_CS_BUFFERS         ; 1           ; Untyped                                                               ;
; CARRY_CHAIN            ; MANUAL      ; Untyped                                                               ;
; CARRY_CHAIN_LENGTH     ; 48          ; CARRY_CHAIN_LENGTH                                                    ;
; DEVICE_FAMILY          ; Stratix II  ; Untyped                                                               ;
; USE_WYS                ; OFF         ; Untyped                                                               ;
; STYLE                  ; FAST        ; Untyped                                                               ;
; CBXI_PARAMETER         ; add_sub_2ph ; Untyped                                                               ;
; AUTO_CARRY_CHAINS      ; ON          ; AUTO_CARRY                                                            ;
; IGNORE_CARRY_BUFFERS   ; OFF         ; IGNORE_CARRY                                                          ;
; AUTO_CASCADE_CHAINS    ; ON          ; AUTO_CASCADE                                                          ;
; IGNORE_CASCADE_BUFFERS ; OFF         ; IGNORE_CASCADE                                                        ;
+------------------------+-------------+-----------------------------------------------------------------------+
Note: In order to hide this table in the UI and the text report file, please set the "Show Parameter Settings Tables in Synthesis Report" option in "Analysis and Synthesis Settings -> More Settings" to "Off".


+---------------------------------------------------------------------------------------------------------------+
; Parameter Settings for User Entity Instance: Block1:inst|lpm_counter1:inst2|lpm_counter:lpm_counter_component ;
+------------------------+-------------+------------------------------------------------------------------------+
; Parameter Name         ; Value       ; Type                                                                   ;
+------------------------+-------------+------------------------------------------------------------------------+
; AUTO_CARRY_CHAINS      ; ON          ; AUTO_CARRY                                                             ;
; IGNORE_CARRY_BUFFERS   ; OFF         ; IGNORE_CARRY                                                           ;
; AUTO_CASCADE_CHAINS    ; ON          ; AUTO_CASCADE                                                           ;
; IGNORE_CASCADE_BUFFERS ; OFF         ; IGNORE_CASCADE                                                         ;
; LPM_WIDTH              ; 8           ; Signed Integer                                                         ;
; LPM_DIRECTION          ; UP          ; Untyped                                                                ;
; LPM_MODULUS            ; 0           ; Untyped                                                                ;
; LPM_AVALUE             ; UNUSED      ; Untyped                                                                ;
; LPM_SVALUE             ; UNUSED      ; Untyped                                                                ;
; LPM_PORT_UPDOWN        ; PORT_UNUSED ; Untyped                                                                ;
; DEVICE_FAMILY          ; Stratix II  ; Untyped                                                                ;
; CARRY_CHAIN            ; MANUAL      ; Untyped                                                                ;
; CARRY_CHAIN_LENGTH     ; 48          ; CARRY_CHAIN_LENGTH                                                     ;
; NOT_GATE_PUSH_BACK     ; ON          ; NOT_GATE_PUSH_BACK                                                     ;
; CARRY_CNT_EN           ; SMART       ; Untyped                                                                ;
; LABWIDE_SCLR           ; ON          ; Untyped                                                                ;
; USE_NEW_VERSION        ; TRUE        ; Untyped                                                                ;
; CBXI_PARAMETER         ; cntr_i4i    ; Untyped                                                                ;
+------------------------+-------------+------------------------------------------------------------------------+
Note: In order to hide this table in the UI and the text report file, please set the "Show Parameter Settings Tables in Synthesis Report" option in "Analysis and Synthesis Settings -> More Settings" to "Off".


+---------------------------------------------------------------------------------------------------------------+
; Parameter Settings for User Entity Instance: Block1:inst|lpm_compare2:inst5|lpm_compare:lpm_compare_component ;
+------------------------+------------+-------------------------------------------------------------------------+
; Parameter Name         ; Value      ; Type                                                                    ;
+------------------------+------------+-------------------------------------------------------------------------+
; lpm_width              ; 8          ; Signed Integer                                                          ;
; LPM_REPRESENTATION     ; UNSIGNED   ; Untyped                                                                 ;
; LPM_PIPELINE           ; 0          ; Untyped                                                                 ;
; CHAIN_SIZE             ; 8          ; Untyped                                                                 ;
; ONE_INPUT_IS_CONSTANT  ; NO         ; Untyped                                                                 ;
; CARRY_CHAIN            ; MANUAL     ; Untyped                                                                 ;
; CASCADE_CHAIN          ; MANUAL     ; Untyped                                                                 ;
; CARRY_CHAIN_LENGTH     ; 48         ; CARRY_CHAIN_LENGTH                                                      ;
; CASCADE_CHAIN_LENGTH   ; 2          ; CASCADE_CHAIN_LENGTH                                                    ;
; DEVICE_FAMILY          ; Stratix II ; Untyped                                                                 ;
; CBXI_PARAMETER         ; cmpr_rlg   ; Untyped                                                                 ;
; AUTO_CARRY_CHAINS      ; ON         ; AUTO_CARRY                                                              ;
; IGNORE_CARRY_BUFFERS   ; OFF        ; IGNORE_CARRY                                                            ;
; AUTO_CASCADE_CHAINS    ; ON         ; AUTO_CASCADE                                                            ;
; IGNORE_CASCADE_BUFFERS ; OFF        ; IGNORE_CASCADE                                                          ;
+------------------------+------------+-------------------------------------------------------------------------+
Note: In order to hide this table in the UI and the text report file, please set the "Show Parameter Settings Tables in Synthesis Report" option in "Analysis and Synthesis Settings -> More Settings" to "Off".


+---------------------------------------------------------------------------------------------------+
; Parameter Settings for User Entity Instance: Block3:inst3|lpm_dff0:inst23|lpm_ff:lpm_ff_component ;
+------------------------+------------+-------------------------------------------------------------+
; Parameter Name         ; Value      ; Type                                                        ;
+------------------------+------------+-------------------------------------------------------------+
; LPM_WIDTH              ; 16         ; Signed Integer                                              ;
; LPM_AVALUE             ; UNUSED     ; Untyped                                                     ;
; LPM_SVALUE             ; UNUSED     ; Untyped                                                     ;
; LPM_FFTYPE             ; DFF        ; Untyped                                                     ;
; DEVICE_FAMILY          ; Stratix II ; Untyped                                                     ;
; CBXI_PARAMETER         ; NOTHING    ; Untyped                                                     ;
; AUTO_CARRY_CHAINS      ; ON         ; AUTO_CARRY                                                  ;
; IGNORE_CARRY_BUFFERS   ; OFF        ; IGNORE_CARRY                                                ;
; AUTO_CASCADE_CHAINS    ; ON         ; AUTO_CASCADE                                                ;
; IGNORE_CASCADE_BUFFERS ; OFF        ; IGNORE_CASCADE                                              ;
+------------------------+------------+-------------------------------------------------------------+
Note: In order to hide this table in the UI and the text report file, please set the "Show Parameter Settings Tables in Synthesis Report" option in "Analysis and Synthesis Settings -> More Settings" to "Off".


+----------------------------------------------------------------------+
; Parameter Settings for User Entity Instance: Block3:inst3|74163:inst ;
+------------------------+------------+--------------------------------+
; Parameter Name         ; Value      ; Type                           ;
+------------------------+------------+--------------------------------+
; DEVICE_FAMILY          ; Stratix II ; Untyped                        ;
; AUTO_CARRY_CHAINS      ; ON         ; AUTO_CARRY                     ;
; IGNORE_CARRY_BUFFERS   ; OFF        ; IGNORE_CARRY                   ;
; AUTO_CASCADE_CHAINS    ; ON         ; AUTO_CASCADE                   ;
; IGNORE_CASCADE_BUFFERS ; OFF        ; IGNORE_CASCADE                 ;
+------------------------+------------+--------------------------------+
Note: In order to hide this table in the UI and the text report file, please set the "Show Parameter Settings Tables in Synthesis Report" option in "Analysis and Synthesis Settings -> More Settings" to "Off".


+--------------------------------------------------------------------------------------------------------------------+
; Parameter Settings for User Entity Instance: Block3:inst3|lpm_constant0:inst22|lpm_constant:lpm_constant_component ;
+--------------------+------------------+----------------------------------------------------------------------------+
; Parameter Name     ; Value            ; Type                                                                       ;
+--------------------+------------------+----------------------------------------------------------------------------+
; LPM_WIDTH          ; 1                ; Signed Integer                                                             ;
; LPM_CVALUE         ; 0                ; Signed Integer                                                             ;
; ENABLE_RUNTIME_MOD ; NO               ; Untyped                                                                    ;
; CBXI_PARAMETER     ; lpm_constant_3e6 ; Untyped                                                                    ;
+--------------------+------------------+----------------------------------------------------------------------------+
Note: In order to hide this table in the UI and the text report file, please set the "Show Parameter Settings Tables in Synthesis Report" option in "Analysis and Synthesis Settings -> More Settings" to "Off".


+-------------------------------+
; Analysis & Synthesis Messages ;
+-------------------------------+
Info: *******************************************************************
Info: Running Quartus II Analysis & Synthesis
    Info: Version 9.1 Build 222 10/21/2009 SJ Web Edition
    Info: Processing started: Thu Sep 20 14:48:57 2018
Info: Command: quartus_map --read_settings_files=on --write_settings_files=off laba2 -c laba2
Info: Found 1 design units, including 1 entities, in source file laba2.bdf
    Info: Found entity 1: laba2
Info: Found 2 design units, including 1 entities, in source file lpm_compare0.vhd
    Info: Found design unit 1: lpm_compare0-SYN
    Info: Found entity 1: lpm_compare0
Info: Found 2 design units, including 1 entities, in source file lpm_counter0.vhd
    Info: Found design unit 1: lpm_counter0-SYN
    Info: Found entity 1: lpm_counter0
Info: Found 2 design units, including 1 entities, in source file lpm_add_sub0.vhd
    Info: Found design unit 1: lpm_add_sub0-SYN
    Info: Found entity 1: lpm_add_sub0
Info: Found 2 design units, including 1 entities, in source file lpm_compare1.vhd
    Info: Found design unit 1: lpm_compare1-SYN
    Info: Found entity 1: lpm_compare1
Info: Found 2 design units, including 1 entities, in source file lpm_add_sub1.vhd
    Info: Found design unit 1: lpm_add_sub1-SYN
    Info: Found entity 1: lpm_add_sub1
Info: Found 2 design units, including 1 entities, in source file lpm_add_sub2.vhd
    Info: Found design unit 1: lpm_add_sub2-SYN
    Info: Found entity 1: lpm_add_sub2
Info: Found 1 design units, including 1 entities, in source file block1.bdf
    Info: Found entity 1: Block1
Info: Found 2 design units, including 1 entities, in source file lpm_counter1.vhd
    Info: Found design unit 1: lpm_counter1-SYN
    Info: Found entity 1: lpm_counter1
Info: Found 2 design units, including 1 entities, in source file lpm_add_sub3.vhd
    Info: Found design unit 1: lpm_add_sub3-SYN
    Info: Found entity 1: lpm_add_sub3
Info: Found 2 design units, including 1 entities, in source file lpm_add_sub4.vhd
    Info: Found design unit 1: lpm_add_sub4-SYN
    Info: Found entity 1: lpm_add_sub4
Info: Found 2 design units, including 1 entities, in source file lpm_compare2.vhd
    Info: Found design unit 1: lpm_compare2-SYN
    Info: Found entity 1: lpm_compare2
Info: Found 2 design units, including 1 entities, in source file lpm_compare3.vhd
    Info: Found design unit 1: lpm_compare3-SYN
    Info: Found entity 1: lpm_compare3
Info: Found 2 design units, including 1 entities, in source file lpm_compare4.vhd
    Info: Found design unit 1: lpm_compare4-SYN
    Info: Found entity 1: lpm_compare4
Info: Found 2 design units, including 1 entities, in source file lpm_compare5.vhd
    Info: Found design unit 1: lpm_compare5-SYN
    Info: Found entity 1: lpm_compare5
Info: Found 1 design units, including 1 entities, in source file block2.bdf
    Info: Found entity 1: Block2
Info: Found 2 design units, including 1 entities, in source file lpm_counter2.vhd
    Info: Found design unit 1: lpm_counter2-SYN
    Info: Found entity 1: lpm_counter2
Info: Found 2 design units, including 1 entities, in source file lpm_compare6.vhd
    Info: Found design unit 1: lpm_compare6-SYN
    Info: Found entity 1: lpm_compare6
Info: Found 2 design units, including 1 entities, in source file lpm_compare7.vhd
    Info: Found design unit 1: lpm_compare7-SYN
    Info: Found entity 1: lpm_compare7
Info: Found 2 design units, including 1 entities, in source file lpm_compare8.vhd
    Info: Found design unit 1: lpm_compare8-SYN
    Info: Found entity 1: lpm_compare8
Info: Found 1 design units, including 1 entities, in source file block3.bdf
    Info: Found entity 1: Block3
Info: Found 2 design units, including 1 entities, in source file lpm_decode0.vhd
    Info: Found design unit 1: lpm_decode0-SYN
    Info: Found entity 1: lpm_decode0
Info: Found 2 design units, including 1 entities, in source file lpm_counter3.vhd
    Info: Found design unit 1: lpm_counter3-SYN
    Info: Found entity 1: lpm_counter3
Info: Found 2 design units, including 1 entities, in source file lpm_inv0.vhd
    Info: Found design unit 1: lpm_inv0-SYN
    Info: Found entity 1: lpm_inv0
Info: Found 2 design units, including 1 entities, in source file lpm_constant0.vhd
    Info: Found design unit 1: lpm_constant0-SYN
    Info: Found entity 1: lpm_constant0
Info: Found 2 design units, including 1 entities, in source file lpm_dff0.vhd
    Info: Found design unit 1: lpm_dff0-SYN
    Info: Found entity 1: lpm_dff0
Info: Found 2 design units, including 1 entities, in source file lpm_counter4.vhd
    Info: Found design unit 1: lpm_counter4-SYN
    Info: Found entity 1: lpm_counter4
Info: Found 2 design units, including 1 entities, in source file lpm_compare9.vhd
    Info: Found design unit 1: lpm_compare9-SYN
    Info: Found entity 1: lpm_compare9
Info: Found 2 design units, including 1 entities, in source file lpm_compare10.vhd
    Info: Found design unit 1: lpm_compare10-SYN
    Info: Found entity 1: lpm_compare10
Info: Found 2 design units, including 1 entities, in source file divide0.vhd
    Info: Found design unit 1: divide0-SYN
    Info: Found entity 1: divide0
Info: Found 2 design units, including 1 entities, in source file lpm_compare11.vhd
    Info: Found design unit 1: lpm_compare11-SYN
    Info: Found entity 1: lpm_compare11
Info: Found 2 design units, including 1 entities, in source file lpm_counter5.vhd
    Info: Found design unit 1: lpm_counter5-SYN
    Info: Found entity 1: lpm_counter5
Info: Elaborating entity "laba2" for the top level hierarchy
Info: Elaborating entity "Block2" for hierarchy "Block2:inst4"
Info: Elaborating entity "lpm_compare7" for hierarchy "Block2:inst4|lpm_compare7:inst4"
Info: Elaborating entity "lpm_compare" for hierarchy "Block2:inst4|lpm_compare7:inst4|lpm_compare:lpm_compare_component"
Info: Elaborated megafunction instantiation "Block2:inst4|lpm_compare7:inst4|lpm_compare:lpm_compare_component"
Info: Instantiated megafunction "Block2:inst4|lpm_compare7:inst4|lpm_compare:lpm_compare_component" with the following parameter:
    Info: Parameter "lpm_hint" = "ONE_INPUT_IS_CONSTANT=YES"
    Info: Parameter "lpm_representation" = "UNSIGNED"
    Info: Parameter "lpm_type" = "LPM_COMPARE"
    Info: Parameter "lpm_width" = "3"
Info: Found 1 design units, including 1 entities, in source file db/cmpr_p8j.tdf
    Info: Found entity 1: cmpr_p8j
Info: Elaborating entity "cmpr_p8j" for hierarchy "Block2:inst4|lpm_compare7:inst4|lpm_compare:lpm_compare_component|cmpr_p8j:auto_generated"
Info: Elaborating entity "lpm_counter2" for hierarchy "Block2:inst4|lpm_counter2:inst"
Info: Elaborating entity "lpm_counter" for hierarchy "Block2:inst4|lpm_counter2:inst|lpm_counter:lpm_counter_component"
Info: Elaborated megafunction instantiation "Block2:inst4|lpm_counter2:inst|lpm_counter:lpm_counter_component"
Info: Instantiated megafunction "Block2:inst4|lpm_counter2:inst|lpm_counter:lpm_counter_component" with the following parameter:
    Info: Parameter "lpm_direction" = "UP"
    Info: Parameter "lpm_port_updown" = "PORT_UNUSED"
    Info: Parameter "lpm_type" = "LPM_COUNTER"
    Info: Parameter "lpm_width" = "3"
Info: Found 1 design units, including 1 entities, in source file db/cntr_r3i.tdf
    Info: Found entity 1: cntr_r3i
Info: Elaborating entity "cntr_r3i" for hierarchy "Block2:inst4|lpm_counter2:inst|lpm_counter:lpm_counter_component|cntr_r3i:auto_generated"
Info: Elaborating entity "lpm_compare8" for hierarchy "Block2:inst4|lpm_compare8:inst6"
Info: Elaborating entity "lpm_compare" for hierarchy "Block2:inst4|lpm_compare8:inst6|lpm_compare:lpm_compare_component"
Info: Elaborated megafunction instantiation "Block2:inst4|lpm_compare8:inst6|lpm_compare:lpm_compare_component"
Info: Instantiated megafunction "Block2:inst4|lpm_compare8:inst6|lpm_compare:lpm_compare_component" with the following parameter:
    Info: Parameter "lpm_hint" = "ONE_INPUT_IS_CONSTANT=YES"
    Info: Parameter "lpm_representation" = "UNSIGNED"
    Info: Parameter "lpm_type" = "LPM_COMPARE"
    Info: Parameter "lpm_width" = "3"
Info: Found 1 design units, including 1 entities, in source file db/cmpr_h8j.tdf
    Info: Found entity 1: cmpr_h8j
Info: Elaborating entity "cmpr_h8j" for hierarchy "Block2:inst4|lpm_compare8:inst6|lpm_compare:lpm_compare_component|cmpr_h8j:auto_generated"
Info: Elaborating entity "lpm_compare6" for hierarchy "Block2:inst4|lpm_compare6:inst1"
Info: Elaborating entity "lpm_compare" for hierarchy "Block2:inst4|lpm_compare6:inst1|lpm_compare:lpm_compare_component"
Info: Elaborated megafunction instantiation "Block2:inst4|lpm_compare6:inst1|lpm_compare:lpm_compare_component"
Info: Instantiated megafunction "Block2:inst4|lpm_compare6:inst1|lpm_compare:lpm_compare_component" with the following parameter:
    Info: Parameter "lpm_hint" = "ONE_INPUT_IS_CONSTANT=YES"
    Info: Parameter "lpm_representation" = "UNSIGNED"
    Info: Parameter "lpm_type" = "LPM_COMPARE"
    Info: Parameter "lpm_width" = "3"
Info: Elaborating entity "lpm_counter5" for hierarchy "Block2:inst4|lpm_counter5:inst2"
Info: Elaborating entity "Block1" for hierarchy "Block1:inst"
Info: Elaborating entity "lpm_compare3" for hierarchy "Block1:inst|lpm_compare3:inst7"
Info: Elaborating entity "lpm_compare" for hierarchy "Block1:inst|lpm_compare3:inst7|lpm_compare:lpm_compare_component"
Info: Elaborated megafunction instantiation "Block1:inst|lpm_compare3:inst7|lpm_compare:lpm_compare_component"
Info: Instantiated megafunction "Block1:inst|lpm_compare3:inst7|lpm_compare:lpm_compare_component" with the following parameter:
    Info: Parameter "lpm_representation" = "UNSIGNED"
    Info: Parameter "lpm_type" = "LPM_COMPARE"
    Info: Parameter "lpm_width" = "8"
Info: Found 1 design units, including 1 entities, in source file db/cmpr_mig.tdf
    Info: Found entity 1: cmpr_mig
Info: Elaborating entity "cmpr_mig" for hierarchy "Block1:inst|lpm_compare3:inst7|lpm_compare:lpm_compare_component|cmpr_mig:auto_generated"
Info: Elaborating entity "lpm_add_sub4" for hierarchy "Block1:inst|lpm_add_sub4:inst4"
Info: Elaborating entity "lpm_add_sub" for hierarchy "Block1:inst|lpm_add_sub4:inst4|lpm_add_sub:lpm_add_sub_component"
Info: Elaborated megafunction instantiation "Block1:inst|lpm_add_sub4:inst4|lpm_add_sub:lpm_add_sub_component"
Info: Instantiated megafunction "Block1:inst|lpm_add_sub4:inst4|lpm_add_sub:lpm_add_sub_component" with the following parameter:
    Info: Parameter "lpm_direction" = "SUB"
    Info: Parameter "lpm_hint" = "ONE_INPUT_IS_CONSTANT=NO,CIN_USED=NO"
    Info: Parameter "lpm_representation" = "UNSIGNED"
    Info: Parameter "lpm_type" = "LPM_ADD_SUB"
    Info: Parameter "lpm_width" = "8"
Info: Found 1 design units, including 1 entities, in source file db/add_sub_fmh.tdf
    Info: Found entity 1: add_sub_fmh
Info: Elaborating entity "add_sub_fmh" for hierarchy "Block1:inst|lpm_add_sub4:inst4|lpm_add_sub:lpm_add_sub_component|add_sub_fmh:auto_generated"
Info: Elaborating entity "lpm_add_sub3" for hierarchy "Block1:inst|lpm_add_sub3:inst"
Info: Elaborating entity "lpm_add_sub" for hierarchy "Block1:inst|lpm_add_sub3:inst|lpm_add_sub:lpm_add_sub_component"
Info: Elaborated megafunction instantiation "Block1:inst|lpm_add_sub3:inst|lpm_add_sub:lpm_add_sub_component"
Info: Instantiated megafunction "Block1:inst|lpm_add_sub3:inst|lpm_add_sub:lpm_add_sub_component" with the following parameter:
    Info: Parameter "lpm_direction" = "ADD"
    Info: Parameter "lpm_hint" = "ONE_INPUT_IS_CONSTANT=YES,CIN_USED=NO"
    Info: Parameter "lpm_representation" = "UNSIGNED"
    Info: Parameter "lpm_type" = "LPM_ADD_SUB"
    Info: Parameter "lpm_width" = "8"
Info: Found 1 design units, including 1 entities, in source file db/add_sub_2ph.tdf
    Info: Found entity 1: add_sub_2ph
Info: Elaborating entity "add_sub_2ph" for hierarchy "Block1:inst|lpm_add_sub3:inst|lpm_add_sub:lpm_add_sub_component|add_sub_2ph:auto_generated"
Info: Elaborating entity "lpm_counter1" for hierarchy "Block1:inst|lpm_counter1:inst2"
Info: Elaborating entity "lpm_counter" for hierarchy "Block1:inst|lpm_counter1:inst2|lpm_counter:lpm_counter_component"
Info: Elaborated megafunction instantiation "Block1:inst|lpm_counter1:inst2|lpm_counter:lpm_counter_component"
Info: Instantiated megafunction "Block1:inst|lpm_counter1:inst2|lpm_counter:lpm_counter_component" with the following parameter:
    Info: Parameter "lpm_direction" = "UP"
    Info: Parameter "lpm_port_updown" = "PORT_UNUSED"
    Info: Parameter "lpm_type" = "LPM_COUNTER"
    Info: Parameter "lpm_width" = "8"
Info: Found 1 design units, including 1 entities, in source file db/cntr_i4i.tdf
    Info: Found entity 1: cntr_i4i
Info: Elaborating entity "cntr_i4i" for hierarchy "Block1:inst|lpm_counter1:inst2|lpm_counter:lpm_counter_component|cntr_i4i:auto_generated"
Info: Elaborating entity "lpm_compare2" for hierarchy "Block1:inst|lpm_compare2:inst5"
Info: Elaborating entity "lpm_compare" for hierarchy "Block1:inst|lpm_compare2:inst5|lpm_compare:lpm_compare_component"
Info: Elaborated megafunction instantiation "Block1:inst|lpm_compare2:inst5|lpm_compare:lpm_compare_component"
Info: Instantiated megafunction "Block1:inst|lpm_compare2:inst5|lpm_compare:lpm_compare_component" with the following parameter:
    Info: Parameter "lpm_representation" = "UNSIGNED"
    Info: Parameter "lpm_type" = "LPM_COMPARE"
    Info: Parameter "lpm_width" = "8"
Info: Found 1 design units, including 1 entities, in source file db/cmpr_rlg.tdf
    Info: Found entity 1: cmpr_rlg
Info: Elaborating entity "cmpr_rlg" for hierarchy "Block1:inst|lpm_compare2:inst5|lpm_compare:lpm_compare_component|cmpr_rlg:auto_generated"
Info: Elaborating entity "Block3" for hierarchy "Block3:inst3"
Info: Elaborating entity "lpm_dff0" for hierarchy "Block3:inst3|lpm_dff0:inst23"
Info: Elaborating entity "lpm_ff" for hierarchy "Block3:inst3|lpm_dff0:inst23|lpm_ff:lpm_ff_component"
Info: Elaborated megafunction instantiation "Block3:inst3|lpm_dff0:inst23|lpm_ff:lpm_ff_component"
Info: Instantiated megafunction "Block3:inst3|lpm_dff0:inst23|lpm_ff:lpm_ff_component" with the following parameter:
    Info: Parameter "lpm_fftype" = "DFF"
    Info: Parameter "lpm_type" = "LPM_FF"
    Info: Parameter "lpm_width" = "16"
Info: Elaborating entity "74154" for hierarchy "Block3:inst3|74154:inst20"
Info: Elaborated megafunction instantiation "Block3:inst3|74154:inst20"
Info: Elaborating entity "74163" for hierarchy "Block3:inst3|74163:inst"
Info: Elaborated megafunction instantiation "Block3:inst3|74163:inst"
Info: Elaborating entity "f74163" for hierarchy "Block3:inst3|74163:inst|f74163:sub"
Info: Elaborated megafunction instantiation "Block3:inst3|74163:inst|f74163:sub", which is child of megafunction instantiation "Block3:inst3|74163:inst"
Info: Elaborating entity "lpm_constant0" for hierarchy "Block3:inst3|lpm_constant0:inst22"
Info: Elaborating entity "lpm_constant" for hierarchy "Block3:inst3|lpm_constant0:inst22|lpm_constant:lpm_constant_component"
Info: Elaborated megafunction instantiation "Block3:inst3|lpm_constant0:inst22|lpm_constant:lpm_constant_component"
Info: Instantiated megafunction "Block3:inst3|lpm_constant0:inst22|lpm_constant:lpm_constant_component" with the following parameter:
    Info: Parameter "lpm_cvalue" = "0"
    Info: Parameter "lpm_hint" = "ENABLE_RUNTIME_MOD=NO"
    Info: Parameter "lpm_type" = "LPM_CONSTANT"
    Info: Parameter "lpm_width" = "1"
Info: Ignored 3 buffer(s)
    Info: Ignored 3 CARRY buffer(s)
Info: Implemented 98 device resources after synthesis - the final resource count might be different
    Info: Implemented 17 input pins
    Info: Implemented 18 output pins
    Info: Implemented 63 logic cells
Info: Quartus II Analysis & Synthesis was successful. 0 errors, 0 warnings
    Info: Peak virtual memory: 278 megabytes
    Info: Processing ended: Thu Sep 20 14:49:00 2018
    Info: Elapsed time: 00:00:03
    Info: Total CPU time (on all processors): 00:00:03


