Flow report for laba3
Wed Oct 24 13:26:48 2018
Quartus II Version 9.1 Build 222 10/21/2009 SJ Web Edition


---------------------
; Table of Contents ;
---------------------
  1. Legal Notice
  2. Flow Summary
  3. Flow Settings
  4. Flow Non-Default Global Settings
  5. Flow Elapsed Time
  6. Flow OS Summary
  7. Flow Log



----------------
; Legal Notice ;
----------------
Copyright (C) 1991-2009 Altera Corporation
Your use of Altera Corporation's design tools, logic functions 
and other software and tools, and its AMPP partner logic 
functions, and any output files from any of the foregoing 
(including device programming or simulation files), and any 
associated documentation or information are expressly subject 
to the terms and conditions of the Altera Program License 
Subscription Agreement, Altera MegaCore Function License 
Agreement, or other applicable license agreement, including, 
without limitation, that your use is for the sole purpose of 
programming logic devices manufactured by Altera and sold by 
Altera or its authorized distributors.  Please refer to the 
applicable agreement for further details.



+-------------------------------------------------------------------------+
; Flow Summary                                                            ;
+-------------------------------+-----------------------------------------+
; Flow Status                   ; Successful - Wed Oct 24 13:26:48 2018   ;
; Quartus II Version            ; 9.1 Build 222 10/21/2009 SJ Web Edition ;
; Revision Name                 ; laba3                                   ;
; Top-level Entity Name         ; laba3                                   ;
; Family                        ; Stratix II                              ;
; Met timing requirements       ; Yes                                     ;
; Logic utilization             ; 1 %                                     ;
;     Combinational ALUTs       ; 117 / 12,480 ( < 1 % )                  ;
;     Dedicated logic registers ; 50 / 12,480 ( < 1 % )                   ;
; Total registers               ; 50                                      ;
; Total pins                    ; 60 / 343 ( 17 % )                       ;
; Total virtual pins            ; 0                                       ;
; Total block memory bits       ; 4,120 / 419,328 ( < 1 % )               ;
; DSP block 9-bit elements      ; 0 / 96 ( 0 % )                          ;
; Total PLLs                    ; 0 / 6 ( 0 % )                           ;
; Total DLLs                    ; 0 / 2 ( 0 % )                           ;
; Device                        ; EP2S15F484C3                            ;
; Timing Models                 ; Final                                   ;
+-------------------------------+-----------------------------------------+


+-----------------------------------------+
; Flow Settings                           ;
+-------------------+---------------------+
; Option            ; Setting             ;
+-------------------+---------------------+
; Start date & time ; 10/24/2018 13:26:31 ;
; Main task         ; Compilation         ;
; Revision Name     ; laba3               ;
+-------------------+---------------------+


+--------------------------------------------------------------------------------------------------------------------------------------------------+
; Flow Non-Default Global Settings                                                                                                                 ;
+------------------------------------+--------------------------------------------------------------+---------------+-------------+----------------+
; Assignment Name                    ; Value                                                        ; Default Value ; Entity Name ; Section Id     ;
+------------------------------------+--------------------------------------------------------------+---------------+-------------+----------------+
; COMPILER_SIGNATURE_ID              ; 0.154037679103144                                            ; --            ; --          ; --             ;
; IP_TOOL_NAME                       ; LPM_ROM                                                      ; --            ; --          ; --             ;
; IP_TOOL_NAME                       ; LPM_COUNTER                                                  ; --            ; --          ; --             ;
; IP_TOOL_NAME                       ; LPM_COMPARE                                                  ; --            ; --          ; --             ;
; IP_TOOL_NAME                       ; LPM_ADD_SUB                                                  ; --            ; --          ; --             ;
; IP_TOOL_NAME                       ; LPM_COMPARE                                                  ; --            ; --          ; --             ;
; IP_TOOL_NAME                       ; LPM_AND                                                      ; --            ; --          ; --             ;
; IP_TOOL_NAME                       ; LPM_BUSTRI                                                   ; --            ; --          ; --             ;
; IP_TOOL_NAME                       ; LPM_FF                                                       ; --            ; --          ; --             ;
; IP_TOOL_NAME                       ; LPM_COUNTER                                                  ; --            ; --          ; --             ;
; IP_TOOL_NAME                       ; LPM_COMPARE                                                  ; --            ; --          ; --             ;
; IP_TOOL_NAME                       ; LPM_COMPARE                                                  ; --            ; --          ; --             ;
; IP_TOOL_NAME                       ; LPM_COUNTER                                                  ; --            ; --          ; --             ;
; IP_TOOL_NAME                       ; LPM_COMPARE                                                  ; --            ; --          ; --             ;
; IP_TOOL_NAME                       ; LPM_BUSTRI                                                   ; --            ; --          ; --             ;
; IP_TOOL_NAME                       ; LPM_COMPARE                                                  ; --            ; --          ; --             ;
; IP_TOOL_NAME                       ; LPM_COMPARE                                                  ; --            ; --          ; --             ;
; IP_TOOL_NAME                       ; LPM_RAM_DQ                                                   ; --            ; --          ; --             ;
; IP_TOOL_NAME                       ; LPM_RAM_DQ                                                   ; --            ; --          ; --             ;
; IP_TOOL_NAME                       ; LPM_BUSTRI                                                   ; --            ; --          ; --             ;
; IP_TOOL_NAME                       ; LPM_BUSTRI                                                   ; --            ; --          ; --             ;
; IP_TOOL_NAME                       ; LPM_COUNTER                                                  ; --            ; --          ; --             ;
; IP_TOOL_NAME                       ; LPM_ADD_SUB                                                  ; --            ; --          ; --             ;
; IP_TOOL_NAME                       ; LPM_COMPARE                                                  ; --            ; --          ; --             ;
; IP_TOOL_NAME                       ; LPM_COMPARE                                                  ; --            ; --          ; --             ;
; IP_TOOL_NAME                       ; LPM_BUSTRI                                                   ; --            ; --          ; --             ;
; IP_TOOL_NAME                       ; LPM_MUX                                                      ; --            ; --          ; --             ;
; IP_TOOL_NAME                       ; LPM_COMPARE                                                  ; --            ; --          ; --             ;
; IP_TOOL_NAME                       ; LPM_MUX                                                      ; --            ; --          ; --             ;
; IP_TOOL_NAME                       ; LPM_COUNTER                                                  ; --            ; --          ; --             ;
; IP_TOOL_NAME                       ; LPM_COMPARE                                                  ; --            ; --          ; --             ;
; IP_TOOL_NAME                       ; LPM_COMPARE                                                  ; --            ; --          ; --             ;
; IP_TOOL_NAME                       ; LPM_BUSTRI                                                   ; --            ; --          ; --             ;
; IP_TOOL_NAME                       ; LPM_COUNTER                                                  ; --            ; --          ; --             ;
; IP_TOOL_NAME                       ; LPM_COMPARE                                                  ; --            ; --          ; --             ;
; IP_TOOL_NAME                       ; LPM_COMPARE                                                  ; --            ; --          ; --             ;
; IP_TOOL_NAME                       ; LPM_FF                                                       ; --            ; --          ; --             ;
; IP_TOOL_NAME                       ; LPM_MUX                                                      ; --            ; --          ; --             ;
; IP_TOOL_NAME                       ; LPM_CONSTANT                                                 ; --            ; --          ; --             ;
; IP_TOOL_NAME                       ; LPM_CONSTANT                                                 ; --            ; --          ; --             ;
; IP_TOOL_NAME                       ; LPM_BUSTRI                                                   ; --            ; --          ; --             ;
; IP_TOOL_NAME                       ; LPM_COUNTER                                                  ; --            ; --          ; --             ;
; IP_TOOL_NAME                       ; LPM_COMPARE                                                  ; --            ; --          ; --             ;
; IP_TOOL_NAME                       ; LPM_COMPARE                                                  ; --            ; --          ; --             ;
; IP_TOOL_NAME                       ; LPM_BUSTRI                                                   ; --            ; --          ; --             ;
; IP_TOOL_NAME                       ; LPM_MUX                                                      ; --            ; --          ; --             ;
; IP_TOOL_VERSION                    ; 9.1                                                          ; --            ; --          ; --             ;
; IP_TOOL_VERSION                    ; 9.1                                                          ; --            ; --          ; --             ;
; IP_TOOL_VERSION                    ; 9.1                                                          ; --            ; --          ; --             ;
; IP_TOOL_VERSION                    ; 9.1                                                          ; --            ; --          ; --             ;
; IP_TOOL_VERSION                    ; 9.1                                                          ; --            ; --          ; --             ;
; IP_TOOL_VERSION                    ; 9.1                                                          ; --            ; --          ; --             ;
; IP_TOOL_VERSION                    ; 9.1                                                          ; --            ; --          ; --             ;
; IP_TOOL_VERSION                    ; 9.1                                                          ; --            ; --          ; --             ;
; IP_TOOL_VERSION                    ; 9.1                                                          ; --            ; --          ; --             ;
; IP_TOOL_VERSION                    ; 9.1                                                          ; --            ; --          ; --             ;
; IP_TOOL_VERSION                    ; 9.1                                                          ; --            ; --          ; --             ;
; IP_TOOL_VERSION                    ; 9.1                                                          ; --            ; --          ; --             ;
; IP_TOOL_VERSION                    ; 9.1                                                          ; --            ; --          ; --             ;
; IP_TOOL_VERSION                    ; 9.1                                                          ; --            ; --          ; --             ;
; IP_TOOL_VERSION                    ; 9.1                                                          ; --            ; --          ; --             ;
; IP_TOOL_VERSION                    ; 9.1                                                          ; --            ; --          ; --             ;
; IP_TOOL_VERSION                    ; 9.1                                                          ; --            ; --          ; --             ;
; IP_TOOL_VERSION                    ; 9.1                                                          ; --            ; --          ; --             ;
; IP_TOOL_VERSION                    ; 9.1                                                          ; --            ; --          ; --             ;
; IP_TOOL_VERSION                    ; 9.1                                                          ; --            ; --          ; --             ;
; IP_TOOL_VERSION                    ; 9.1                                                          ; --            ; --          ; --             ;
; IP_TOOL_VERSION                    ; 9.1                                                          ; --            ; --          ; --             ;
; IP_TOOL_VERSION                    ; 9.1                                                          ; --            ; --          ; --             ;
; IP_TOOL_VERSION                    ; 9.1                                                          ; --            ; --          ; --             ;
; IP_TOOL_VERSION                    ; 9.1                                                          ; --            ; --          ; --             ;
; IP_TOOL_VERSION                    ; 9.1                                                          ; --            ; --          ; --             ;
; IP_TOOL_VERSION                    ; 9.1                                                          ; --            ; --          ; --             ;
; IP_TOOL_VERSION                    ; 9.1                                                          ; --            ; --          ; --             ;
; IP_TOOL_VERSION                    ; 9.1                                                          ; --            ; --          ; --             ;
; IP_TOOL_VERSION                    ; 9.1                                                          ; --            ; --          ; --             ;
; IP_TOOL_VERSION                    ; 9.1                                                          ; --            ; --          ; --             ;
; IP_TOOL_VERSION                    ; 9.1                                                          ; --            ; --          ; --             ;
; IP_TOOL_VERSION                    ; 9.1                                                          ; --            ; --          ; --             ;
; IP_TOOL_VERSION                    ; 9.1                                                          ; --            ; --          ; --             ;
; IP_TOOL_VERSION                    ; 9.1                                                          ; --            ; --          ; --             ;
; IP_TOOL_VERSION                    ; 9.1                                                          ; --            ; --          ; --             ;
; IP_TOOL_VERSION                    ; 9.1                                                          ; --            ; --          ; --             ;
; IP_TOOL_VERSION                    ; 9.1                                                          ; --            ; --          ; --             ;
; IP_TOOL_VERSION                    ; 9.1                                                          ; --            ; --          ; --             ;
; IP_TOOL_VERSION                    ; 9.1                                                          ; --            ; --          ; --             ;
; IP_TOOL_VERSION                    ; 9.1                                                          ; --            ; --          ; --             ;
; IP_TOOL_VERSION                    ; 9.1                                                          ; --            ; --          ; --             ;
; IP_TOOL_VERSION                    ; 9.1                                                          ; --            ; --          ; --             ;
; IP_TOOL_VERSION                    ; 9.1                                                          ; --            ; --          ; --             ;
; IP_TOOL_VERSION                    ; 9.1                                                          ; --            ; --          ; --             ;
; MISC_FILE                          ; lpm_rom0.bsf                                                 ; --            ; --          ; --             ;
; MISC_FILE                          ; lpm_rom0.cmp                                                 ; --            ; --          ; --             ;
; MISC_FILE                          ; lpm_counter0.bsf                                             ; --            ; --          ; --             ;
; MISC_FILE                          ; lpm_counter0.cmp                                             ; --            ; --          ; --             ;
; MISC_FILE                          ; C:/Users/Vavashka23/Downloads/lab3/lpm_compare4.bsf          ; --            ; --          ; --             ;
; MISC_FILE                          ; C:/Users/Vavashka23/Downloads/lab3/lpm_compare4.cmp          ; --            ; --          ; --             ;
; MISC_FILE                          ; lpm_add_sub0.bsf                                             ; --            ; --          ; --             ;
; MISC_FILE                          ; lpm_add_sub0.cmp                                             ; --            ; --          ; --             ;
; MISC_FILE                          ; lpm_compare0.bsf                                             ; --            ; --          ; --             ;
; MISC_FILE                          ; lpm_compare0.cmp                                             ; --            ; --          ; --             ;
; MISC_FILE                          ; lpm_and0.bsf                                                 ; --            ; --          ; --             ;
; MISC_FILE                          ; lpm_and0.cmp                                                 ; --            ; --          ; --             ;
; MISC_FILE                          ; lpm_bustri0.bsf                                              ; --            ; --          ; --             ;
; MISC_FILE                          ; lpm_bustri0.cmp                                              ; --            ; --          ; --             ;
; MISC_FILE                          ; lpm_dff0.bsf                                                 ; --            ; --          ; --             ;
; MISC_FILE                          ; lpm_dff0.cmp                                                 ; --            ; --          ; --             ;
; MISC_FILE                          ; lpm_counter1.bsf                                             ; --            ; --          ; --             ;
; MISC_FILE                          ; lpm_counter1.cmp                                             ; --            ; --          ; --             ;
; MISC_FILE                          ; lpm_compare1.bsf                                             ; --            ; --          ; --             ;
; MISC_FILE                          ; lpm_compare1.cmp                                             ; --            ; --          ; --             ;
; MISC_FILE                          ; lpm_compare2.bsf                                             ; --            ; --          ; --             ;
; MISC_FILE                          ; lpm_compare2.cmp                                             ; --            ; --          ; --             ;
; MISC_FILE                          ; lpm_counter2.bsf                                             ; --            ; --          ; --             ;
; MISC_FILE                          ; lpm_counter2.cmp                                             ; --            ; --          ; --             ;
; MISC_FILE                          ; lpm_compare3.bsf                                             ; --            ; --          ; --             ;
; MISC_FILE                          ; lpm_compare3.cmp                                             ; --            ; --          ; --             ;
; MISC_FILE                          ; lpm_bustri1.bsf                                              ; --            ; --          ; --             ;
; MISC_FILE                          ; lpm_bustri1.cmp                                              ; --            ; --          ; --             ;
; MISC_FILE                          ; lpm_compare5.bsf                                             ; --            ; --          ; --             ;
; MISC_FILE                          ; lpm_compare5.cmp                                             ; --            ; --          ; --             ;
; MISC_FILE                          ; lpm_compare6.bsf                                             ; --            ; --          ; --             ;
; MISC_FILE                          ; lpm_compare6.cmp                                             ; --            ; --          ; --             ;
; MISC_FILE                          ; lpm_ram_dq0.bsf                                              ; --            ; --          ; --             ;
; MISC_FILE                          ; lpm_ram_dq0.cmp                                              ; --            ; --          ; --             ;
; MISC_FILE                          ; C:/Users/Vavashka23/Downloads/LABS_SIFO/lab3/lpm_ram_dq1.bsf ; --            ; --          ; --             ;
; MISC_FILE                          ; C:/Users/Vavashka23/Downloads/LABS_SIFO/lab3/lpm_ram_dq1.cmp ; --            ; --          ; --             ;
; MISC_FILE                          ; C:/Users/Vavashka23/Downloads/lab3/lpm_bustri2.bsf           ; --            ; --          ; --             ;
; MISC_FILE                          ; C:/Users/Vavashka23/Downloads/lab3/lpm_bustri2.cmp           ; --            ; --          ; --             ;
; MISC_FILE                          ; C:/Users/Vavashka23/Downloads/lab3/lpm_bustri3.bsf           ; --            ; --          ; --             ;
; MISC_FILE                          ; C:/Users/Vavashka23/Downloads/lab3/lpm_bustri3.cmp           ; --            ; --          ; --             ;
; MISC_FILE                          ; lpm_counter3.bsf                                             ; --            ; --          ; --             ;
; MISC_FILE                          ; lpm_counter3.cmp                                             ; --            ; --          ; --             ;
; MISC_FILE                          ; C:/Users/Vavashka23/Downloads/lab3/lpm_add_sub2.bsf          ; --            ; --          ; --             ;
; MISC_FILE                          ; C:/Users/Vavashka23/Downloads/lab3/lpm_add_sub2.cmp          ; --            ; --          ; --             ;
; MISC_FILE                          ; lpm_compare12.tdf                                            ; --            ; --          ; --             ;
; MISC_FILE                          ; lpm_compare12.bsf                                            ; --            ; --          ; --             ;
; MISC_FILE                          ; lpm_compare12.cmp                                            ; --            ; --          ; --             ;
; MISC_FILE                          ; C:/Users/Vavashka23/Downloads/lab3/lpm_compare12.bsf         ; --            ; --          ; --             ;
; MISC_FILE                          ; C:/Users/Vavashka23/Downloads/lab3/lpm_compare12.cmp         ; --            ; --          ; --             ;
; MISC_FILE                          ; lpm_bustri4.bsf                                              ; --            ; --          ; --             ;
; MISC_FILE                          ; lpm_bustri4.cmp                                              ; --            ; --          ; --             ;
; MISC_FILE                          ; lpm_mux1.bsf                                                 ; --            ; --          ; --             ;
; MISC_FILE                          ; lpm_mux1.cmp                                                 ; --            ; --          ; --             ;
; MISC_FILE                          ; lpm_compare7.tdf                                             ; --            ; --          ; --             ;
; MISC_FILE                          ; lpm_compare7.bsf                                             ; --            ; --          ; --             ;
; MISC_FILE                          ; lpm_compare7.cmp                                             ; --            ; --          ; --             ;
; MISC_FILE                          ; lpm_mux0.bsf                                                 ; --            ; --          ; --             ;
; MISC_FILE                          ; lpm_mux0.cmp                                                 ; --            ; --          ; --             ;
; MISC_FILE                          ; lpm_counter4.bsf                                             ; --            ; --          ; --             ;
; MISC_FILE                          ; lpm_counter4.cmp                                             ; --            ; --          ; --             ;
; MISC_FILE                          ; C:/Users/Vavashka23/Downloads/lab3/lpm_compare14.bsf         ; --            ; --          ; --             ;
; MISC_FILE                          ; C:/Users/Vavashka23/Downloads/lab3/lpm_compare14.cmp         ; --            ; --          ; --             ;
; MISC_FILE                          ; lpm_compare8.bsf                                             ; --            ; --          ; --             ;
; MISC_FILE                          ; lpm_compare8.cmp                                             ; --            ; --          ; --             ;
; MISC_FILE                          ; lpm_bustri6.bsf                                              ; --            ; --          ; --             ;
; MISC_FILE                          ; lpm_bustri6.cmp                                              ; --            ; --          ; --             ;
; MISC_FILE                          ; lpm_counter5.bsf                                             ; --            ; --          ; --             ;
; MISC_FILE                          ; lpm_counter5.cmp                                             ; --            ; --          ; --             ;
; MISC_FILE                          ; lpm_compare9.bsf                                             ; --            ; --          ; --             ;
; MISC_FILE                          ; lpm_compare9.cmp                                             ; --            ; --          ; --             ;
; MISC_FILE                          ; lpm_compare10.bsf                                            ; --            ; --          ; --             ;
; MISC_FILE                          ; lpm_compare10.cmp                                            ; --            ; --          ; --             ;
; MISC_FILE                          ; lpm_dff1.bsf                                                 ; --            ; --          ; --             ;
; MISC_FILE                          ; lpm_dff1.cmp                                                 ; --            ; --          ; --             ;
; MISC_FILE                          ; lpm_mux2.bsf                                                 ; --            ; --          ; --             ;
; MISC_FILE                          ; lpm_mux2.cmp                                                 ; --            ; --          ; --             ;
; MISC_FILE                          ; lpm_constant0.bsf                                            ; --            ; --          ; --             ;
; MISC_FILE                          ; lpm_constant0.cmp                                            ; --            ; --          ; --             ;
; MISC_FILE                          ; lpm_constant1.bsf                                            ; --            ; --          ; --             ;
; MISC_FILE                          ; lpm_constant1.cmp                                            ; --            ; --          ; --             ;
; MISC_FILE                          ; lpm_bustri5.bsf                                              ; --            ; --          ; --             ;
; MISC_FILE                          ; lpm_bustri5.cmp                                              ; --            ; --          ; --             ;
; MISC_FILE                          ; lpm_counter6.bsf                                             ; --            ; --          ; --             ;
; MISC_FILE                          ; lpm_counter6.cmp                                             ; --            ; --          ; --             ;
; MISC_FILE                          ; lpm_compare11.bsf                                            ; --            ; --          ; --             ;
; MISC_FILE                          ; lpm_compare11.cmp                                            ; --            ; --          ; --             ;
; MISC_FILE                          ; lpm_compare13.bsf                                            ; --            ; --          ; --             ;
; MISC_FILE                          ; lpm_compare13.cmp                                            ; --            ; --          ; --             ;
; MISC_FILE                          ; lpm_bustri7.bsf                                              ; --            ; --          ; --             ;
; MISC_FILE                          ; lpm_bustri7.cmp                                              ; --            ; --          ; --             ;
; MISC_FILE                          ; lpm_mux3.bsf                                                 ; --            ; --          ; --             ;
; MISC_FILE                          ; lpm_mux3.cmp                                                 ; --            ; --          ; --             ;
; PARTITION_COLOR                    ; 16764057                                                     ; --            ; --          ; Top            ;
; PARTITION_NETLIST_TYPE             ; SOURCE                                                       ; --            ; --          ; Top            ;
; USE_GENERATED_PHYSICAL_CONSTRAINTS ; Off                                                          ; --            ; --          ; eda_blast_fpga ;
+------------------------------------+--------------------------------------------------------------+---------------+-------------+----------------+


+-----------------------------------------------------------------------------------------------------------------------------+
; Flow Elapsed Time                                                                                                           ;
+-------------------------+--------------+-------------------------+---------------------+------------------------------------+
; Module Name             ; Elapsed Time ; Average Processors Used ; Peak Virtual Memory ; Total CPU Time (on all processors) ;
+-------------------------+--------------+-------------------------+---------------------+------------------------------------+
; Analysis & Synthesis    ; 00:00:05     ; 1.0                     ; 278 MB              ; 00:00:06                           ;
; Fitter                  ; 00:00:05     ; 1.0                     ; 281 MB              ; 00:00:06                           ;
; Assembler               ; 00:00:02     ; 1.0                     ; 250 MB              ; 00:00:02                           ;
; Classic Timing Analyzer ; 00:00:01     ; 1.0                     ; 179 MB              ; 00:00:01                           ;
; Total                   ; 00:00:13     ; --                      ; --                  ; 00:00:15                           ;
+-------------------------+--------------+-------------------------+---------------------+------------------------------------+


+------------------------------------------------------------------------------------------+
; Flow OS Summary                                                                          ;
+-------------------------+------------------+---------------+------------+----------------+
; Module Name             ; Machine Hostname ; OS Name       ; OS Version ; Processor type ;
+-------------------------+------------------+---------------+------------+----------------+
; Analysis & Synthesis    ; DESKTOP-HJR84CI  ; Windows Vista ; 6.2        ; x86_64         ;
; Fitter                  ; DESKTOP-HJR84CI  ; Windows Vista ; 6.2        ; x86_64         ;
; Assembler               ; DESKTOP-HJR84CI  ; Windows Vista ; 6.2        ; x86_64         ;
; Classic Timing Analyzer ; DESKTOP-HJR84CI  ; Windows Vista ; 6.2        ; x86_64         ;
+-------------------------+------------------+---------------+------------+----------------+


------------
; Flow Log ;
------------
quartus_map --read_settings_files=on --write_settings_files=off laba3 -c laba3
quartus_fit --read_settings_files=off --write_settings_files=off laba3 -c laba3
quartus_asm --read_settings_files=off --write_settings_files=off laba3 -c laba3
quartus_tan --read_settings_files=off --write_settings_files=off laba3 -c laba3 --timing_analysis_only



